# JRE version: Java(TM) SE Runtime Environment (8.0-b132) (build 1.8.0-b132)
# Java VM: Java HotSpot(TM) 64-Bit Server VM (25.0-b70 mixed mode windows-amd64 compressed oops)
Heap:
 PSYoungGen      total 1024K, used 895K [0x00000000d6200000, 0x00000000d6400000, 0x0000000100000000)
  eden space 512K, 76% used [0x00000000d6200000,0x00000000d6261cf8,0x00000000d6280000)
  from space 512K, 98% used [0x00000000d6300000,0x00000000d637e010,0x00000000d6380000)
  to   space 512K, 0% used [0x00000000d6280000,0x00000000d6280000,0x00000000d6300000)
 ParOldGen       total 127488K, used 124K [0x0000000082600000, 0x000000008a280000, 0x00000000d6200000)
  object space 127488K, 0% used [0x0000000082600000,0x000000008261f050,0x000000008a280000)
 Metaspace       used 2830K, capacity 4494K, committed 4864K, reserved 1056768K
  class space    used 309K, capacity 386K, committed 512K, reserved 1048576K
GC Heap History (4 events):
Event: 0.128 GC heap before
{Heap before GC invocations=1 (full 0):
 PSYoungGen      total 1024K, used 512K [0x00000000d6200000, 0x00000000d6380000, 0x0000000100000000)
  eden space 512K, 100% used [0x00000000d6200000,0x00000000d6280000,0x00000000d6280000)
  from space 512K, 0% used [0x00000000d6300000,0x00000000d6300000,0x00000000d6380000)
  to   space 512K, 0% used [0x00000000d6280000,0x00000000d6280000,0x00000000d6300000)
 ParOldGen       total 127488K, used 0K [0x0000000082600000, 0x000000008a280000, 0x00000000d6200000)
  object space 127488K, 0% used [0x0000000082600000,0x0000000082600000,0x000000008a280000)
 Metaspace       used 1812K, capacity 4480K, committed 4480K, reserved 1056768K
  class space    used 201K, capacity 384K, committed 384K, reserved 1048576K
Event: 0.129 GC heap after
Heap after GC invocations=1 (full 0):
 PSYoungGen      total 1024K, used 488K [0x00000000d6200000, 0x00000000d6380000, 0x0000000100000000)
  eden space 512K, 0% used [0x00000000d6200000,0x00000000d6200000,0x00000000d6280000)
  from space 512K, 95% used [0x00000000d6280000,0x00000000d62fa020,0x00000000d6300000)
  to   space 512K, 0% used [0x00000000d6300000,0x00000000d6300000,0x00000000d6380000)
 ParOldGen       total 127488K, used 8K [0x0000000082600000, 0x000000008a280000, 0x00000000d6200000)
  object space 127488K, 0% used [0x0000000082600000,0x0000000082602000,0x000000008a280000)
 Metaspace       used 1812K, capacity 4480K, committed 4480K, reserved 1056768K
  class space    used 201K, capacity 384K, committed 384K, reserved 1048576K
}
Event: 0.201 GC heap before
{Heap before GC invocations=2 (full 0):
 PSYoungGen      total 1024K, used 1000K [0x00000000d6200000, 0x00000000d6380000, 0x0000000100000000)
  eden space 512K, 100% used [0x00000000d6200000,0x00000000d6280000,0x00000000d6280000)
  from space 512K, 95% used [0x00000000d6280000,0x00000000d62fa020,0x00000000d6300000)
  to   space 512K, 0% used [0x00000000d6300000,0x00000000d6300000,0x00000000d6380000)
 ParOldGen       total 127488K, used 8K [0x0000000082600000, 0x000000008a280000, 0x00000000d6200000)
  object space 127488K, 0% used [0x0000000082600000,0x0000000082602000,0x000000008a280000)
 Metaspace       used 2530K, capacity 4480K, committed 4480K, reserved 1056768K
  class space    used 275K, capacity 384K, committed 384K, reserved 1048576K
Event: 0.203 GC heap after
Heap after GC invocations=2 (full 0):
 PSYoungGen      total 1024K, used 504K [0x00000000d6200000, 0x00000000d6400000, 0x0000000100000000)
  eden space 512K, 0% used [0x00000000d6200000,0x00000000d6200000,0x00000000d6280000)
  from space 512K, 98% used [0x00000000d6300000,0x00000000d637e010,0x00000000d6380000)
  to   space 512K, 0% used [0x00000000d6280000,0x00000000d6280000,0x00000000d6300000)
 ParOldGen       total 127488K, used 124K [0x0000000082600000, 0x000000008a280000, 0x00000000d6200000)
  object space 127488K, 0% used [0x0000000082600000,0x000000008261f050,0x000000008a280000)
 Metaspace       used 2530K, capacity 4480K, committed 4480K, reserved 1056768K
  class space    used 275K, capacity 384K, committed 384K, reserved 1048576K
}

