<?xml version="1.0" encoding="UTF-8"?>
<!-- Generated by org.testng.reporters.JUnitXMLReporter -->
<testsuite hostname="DESKTOP-551G9BO" ignored="0" name="用户管理系统测试用例" tests="7" failures="0" timestamp="28 三月 2020 14:14:55 GMT" time="21.739" errors="0">
  <testcase name="loginTrue" time="0.987" classname="com.course.cases.LoginTest"/>
  <testcase name="loginFalse" time="0.05" classname="com.course.cases.LoginTest"/>
  <testcase name="addUser" time="10.068" classname="com.course.cases.AddUserTest"/>
  <testcase name="getUserInfo" time="0.162" classname="com.course.cases.GetUserInfoTest"/>
  <testcase name="updateUserInfo" time="5.225" classname="com.course.cases.UpdateUserInfoTest"/>
  <testcase name="deleteUser" time="5.074" classname="com.course.cases.UpdateUserInfoTest"/>
  <testcase name="getUserListInfo" time="0.063" classname="com.course.cases.GetUserInfoListTest"/>
</testsuite> <!-- 用户管理系统测试用例 -->
